#
# There is insufficient memory for the Java Runtime Environment to continue.
# Native memory allocation (malloc) failed to allocate 32744 bytes for ChunkPool::allocate
# Possible reasons:
#   The system is out of physical RAM or swap space
#   The process is running with CompressedOops enabled, and the Java Heap may be blocking the growth of the native heap
# Possible solutions:
#   Reduce memory load on the system
#   Increase physical memory or swap space
#   Check if swap backing store is full
#   Decrease Java heap size (-Xmx/-Xms)
#   Decrease number of Java threads
#   Decrease Java thread stack sizes (-Xss)
#   Set larger code cache with -XX:ReservedCodeCacheSize=
#   JVM is running with Unscaled Compressed Oops mode in which the Java heap is
#     placed in the first 4GB address space. The Java Heap base address is the
#     maximum limit for the native heap growth. Please use -XX:HeapBaseMinAddress
#     to set the Java Heap base and to place the Java Heap above 4GB virtual address.
# This output file may be truncated or incomplete.
#
#  Out of Memory Error (arena.cpp:78), pid=38816, tid=38892
#
# JRE version: OpenJDK Runtime Environment Temurin-17.0.4.1+1 (17.0.4.1+1) (build 17.0.4.1+1)
# Java VM: OpenJDK 64-Bit Server VM Temurin-17.0.4.1+1 (17.0.4.1+1, mixed mode, tiered, compressed oops, compressed class ptrs, g1 gc, windows-amd64)
# No core dump will be written. Minidumps are not enabled by default on client versions of Windows
#

---------------  S U M M A R Y ------------

Command Line: -Dfile.encoding=UTF-8 --module-path=C:\Users\1ali2\Desktop\JAVA\QCM\bin;C:\Users\1ali2\Desktop\JAVA\QCM\jcalendar-1.4.jar;C:\Users\1ali2\Desktop\JAVA\QCM\mysql-connector-j-8.0.31.jar -XX:+ShowCodeDetailsInExceptionMessages -Djdk.module.main=QCM QCM/app.Principale

Host: Intel(R) Core(TM) i5-5300U CPU @ 2.30GHz, 4 cores, 7G,  Windows 10 , 64 bit Build 19041 (10.0.19041.2364)
Time: Wed Jan  4 19:25:29 2023 Morocco Daylight Time elapsed time: 1.503986 seconds (0d 0h 0m 1s)

---------------  T H R E A D  ---------------

Current thread (0x000002b1db048220):  JavaThread "C2 CompilerThread0" daemon [_thread_in_native, id=38892, stack(0x000000c084f00000,0x000000c085000000)]


Current CompileTask:
C2:   1504 1147       4      
[error occurred during error reporting (printing current compile task), id 0xe0000001, Out of Memory Error (s\src\hotspot\share\memory\arena.cpp:78)]

Stack: [0x000000c084f00000,0x000000c085000000]
Native frames: (J=compiled Java code, j=interpreted, Vv=VM code, C=native code)
V  [jvm.dll+0x67731a]
V  [jvm.dll+0x832284]
V  [jvm.dll+0x833a2e]
V  [jvm.dll+0x834093]
V  [jvm.dll+0x245775]
V  [jvm.dll+0xabfc0]
V  [jvm.dll+0xac30c]
V  [jvm.dll+0x79fa3c]
V  [jvm.dll+0x79fb29]
V  [jvm.dll+0x62b059]
V  [jvm.dll+0x22be26]
V  [jvm.dll+0x22c3a7]
V  [jvm.dll+0x83211a]
V  [jvm.dll+0x833a2e]
V  [jvm.dll+0x834093]
V  [jvm.dll+0x245775]
V  [jvm.dll+0xabfc0]
V  [jvm.dll+0xac30c]
V  [jvm.dll+0x67cb89]
V  [jvm.dll+0x67e274]
V  [jvm.dll+0x67c85d]
V  [jvm.dll+0x218a4f]
V  [jvm.dll+0x217aa1]
V  [jvm.dll+0x1a3f8d]
V  [jvm.dll+0x227498]
V  [jvm.dll+0x2255e5]
V  [jvm.dll+0x7e7e9b]
V  [jvm.dll+0x7e240a]
V  [jvm.dll+0x6761a5]
C  [ucrtbase.dll+0x21bb2]
C  [KERNEL32.DLL+0x17614]
C  [ntdll.dll+0x526a1]


---------------  P R O C E S S  ---------------

Threads class SMR info:
_java_thread_list=0x000002b1db898090, length=18, elements={
0x000002b1c0f2de50, 0x000002b1da5ec0c0, 0x000002b1da5ed230, 0x000002b1db01b290,
0x000002b1db01cb60, 0x000002b1db01d420, 0x000002b1db046f30, 0x000002b1db048220,
0x000002b1db048cc0, 0x000002b1da64c010, 0x000002b1db138740, 0x000002b1db4d3810,
0x000002b1db544440, 0x000002b1db5477d0, 0x000002b1db54a8f0, 0x000002b1db4179b0,
0x000002b1db5c8030, 0x000002b1db6eb520
}

Java Threads: ( => current thread )
  0x000002b1c0f2de50 JavaThread "main" [_thread_blocked, id=38560, stack(0x000000c084200000,0x000000c084300000)]
  0x000002b1da5ec0c0 JavaThread "Reference Handler" daemon [_thread_blocked, id=35836, stack(0x000000c084900000,0x000000c084a00000)]
  0x000002b1da5ed230 JavaThread "Finalizer" daemon [_thread_blocked, id=35696, stack(0x000000c084a00000,0x000000c084b00000)]
  0x000002b1db01b290 JavaThread "Signal Dispatcher" daemon [_thread_blocked, id=7748, stack(0x000000c084b00000,0x000000c084c00000)]
  0x000002b1db01cb60 JavaThread "Attach Listener" daemon [_thread_blocked, id=38864, stack(0x000000c084c00000,0x000000c084d00000)]
  0x000002b1db01d420 JavaThread "Service Thread" daemon [_thread_blocked, id=15144, stack(0x000000c084d00000,0x000000c084e00000)]
  0x000002b1db046f30 JavaThread "Monitor Deflation Thread" daemon [_thread_blocked, id=4000, stack(0x000000c084e00000,0x000000c084f00000)]
=>0x000002b1db048220 JavaThread "C2 CompilerThread0" daemon [_thread_in_native, id=38892, stack(0x000000c084f00000,0x000000c085000000)]
  0x000002b1db048cc0 JavaThread "C1 CompilerThread0" daemon [_thread_blocked, id=35100, stack(0x000000c085000000,0x000000c085100000)]
  0x000002b1da64c010 JavaThread "Sweeper thread" daemon [_thread_blocked, id=33516, stack(0x000000c085100000,0x000000c085200000)]
  0x000002b1db138740 JavaThread "Common-Cleaner" daemon [_thread_blocked, id=38112, stack(0x000000c085200000,0x000000c085300000)]
  0x000002b1db4d3810 JavaThread "Notification Thread" daemon [_thread_blocked, id=37508, stack(0x000000c085400000,0x000000c085500000)]
  0x000002b1db544440 JavaThread "Java2D Disposer" daemon [_thread_blocked, id=21648, stack(0x000000c085600000,0x000000c085700000)]
  0x000002b1db5477d0 JavaThread "AWT-Shutdown" [_thread_blocked, id=13136, stack(0x000000c085700000,0x000000c085800000)]
  0x000002b1db54a8f0 JavaThread "AWT-Windows" daemon [_thread_in_native, id=37392, stack(0x000000c085800000,0x000000c085900000)]
  0x000002b1db4179b0 JavaThread "Image Animator 3" daemon [_thread_blocked, id=38664, stack(0x000000c085900000,0x000000c085a00000)]
  0x000002b1db5c8030 JavaThread "AWT-EventQueue-0" [_thread_in_vm, id=14944, stack(0x000000c085a00000,0x000000c085b00000)]
  0x000002b1db6eb520 JavaThread "C2 CompilerThread1" daemon [_thread_in_native, id=38408, stack(0x000000c085e00000,0x000000c085f00000)]

Other Threads:
  0x000002b1da5e7140 VMThread "VM Thread" [stack: 0x000000c084800000,0x000000c084900000] [id=37496]
  0x000002b1db290550 WatcherThread [stack: 0x000000c085500000,0x000000c085600000] [id=29012]
  0x000002b1c0f883d0 GCTaskThread "GC Thread#0" [stack: 0x000000c084300000,0x000000c084400000] [id=36784]
  0x000002b1db873010 GCTaskThread "GC Thread#1" [stack: 0x000000c085300000,0x000000c085400000] [id=6336]
  0x000002b1db8732c0 GCTaskThread "GC Thread#2" [stack: 0x000000c085b00000,0x000000c085c00000] [id=38088]
  0x000002b1db87f850 GCTaskThread "GC Thread#3" [stack: 0x000000c085c00000,0x000000c085d00000] [id=31516]
  0x000002b1c0f995f0 ConcurrentGCThread "G1 Main Marker" [stack: 0x000000c084400000,0x000000c084500000] [id=4696]
  0x000002b1c0f99f00 ConcurrentGCThread "G1 Conc#0" [stack: 0x000000c084500000,0x000000c084600000] [id=27580]
  0x000002b1da460090 ConcurrentGCThread "G1 Refine#0" [stack: 0x000000c084600000,0x000000c084700000] [id=20680]
  0x000002b1db6eb240 ConcurrentGCThread "G1 Refine#1" [stack: 0x000000c085d00000,0x000000c085e00000] [id=37844]
  0x000002b1da4609b0 ConcurrentGCThread "G1 Service" [stack: 0x000000c084700000,0x000000c084800000] [id=34956]

Threads with active compile tasks:
C2 CompilerThread0     1534 1147       4       jdk.internal.org.objectweb.asm.SymbolTable::addConstantUtf8 (98 bytes)
C2 CompilerThread1     1534 1128   !   4       sun.font.TrueTypeFont::getTableBuffer (215 bytes)

VM state: not at safepoint (normal execution)

VM Mutex/Monitor currently owned by a thread: None

Heap address: 0x0000000081e00000, size: 2018 MB, Compressed Oops mode: 32-bit

CDS archive(s) not mapped
Compressed class space mapped at: 0x0000000100000000-0x0000000140000000, reserved size: 1073741824
Narrow klass base: 0x0000000000000000, Narrow klass shift: 3, Narrow klass range: 0x140000000

GC Precious Log:
 CPUs: 4 total, 4 available
 Memory: 8067M
 Large Page Support: Disabled
 NUMA Support: Disabled
 Compressed Oops: Enabled (32-bit)
 Heap Region Size: 1M
 Heap Min Capacity: 8M
 Heap Initial Capacity: 128M
 Heap Max Capacity: 2018M
 Pre-touch: Disabled
 Parallel Workers: 4
 Concurrent Workers: 1
 Concurrent Refinement Workers: 4
 Periodic GC: Disabled

Heap:
 garbage-first heap   total 131072K, used 10138K [0x0000000081e00000, 0x0000000100000000)
  region size 1024K, 9 young (9216K), 2 survivors (2048K)
 Metaspace       used 15014K, committed 15168K, reserved 1064960K
  class space    used 1473K, committed 1536K, reserved 1048576K

Heap Regions: E=young(eden), S=young(survivor), O=old, HS=humongous(starts), HC=humongous(continues), CS=collection set, F=free, OA=open archive, CA=closed archive, TAMS=top-at-mark-start (previous, next)
|   0|0x0000000081e00000, 0x0000000081f00000, 0x0000000081f00000|100%| O|  |TAMS 0x0000000081e00000, 0x0000000081e00000| Untracked 
|   1|0x0000000081f00000, 0x0000000081fe6800, 0x0000000082000000| 90%| O|  |TAMS 0x0000000081f00000, 0x0000000081f00000| Untracked 
|   2|0x0000000082000000, 0x0000000082000000, 0x0000000082100000|  0%| F|  |TAMS 0x0000000082000000, 0x0000000082000000| Untracked 
|   3|0x0000000082100000, 0x0000000082100000, 0x0000000082200000|  0%| F|  |TAMS 0x0000000082100000, 0x0000000082100000| Untracked 
|   4|0x0000000082200000, 0x0000000082200000, 0x0000000082300000|  0%| F|  |TAMS 0x0000000082200000, 0x0000000082200000| Untracked 
|   5|0x0000000082300000, 0x0000000082300000, 0x0000000082400000|  0%| F|  |TAMS 0x0000000082300000, 0x0000000082300000| Untracked 
|   6|0x0000000082400000, 0x0000000082400000, 0x0000000082500000|  0%| F|  |TAMS 0x0000000082400000, 0x0000000082400000| Untracked 
|   7|0x0000000082500000, 0x0000000082500000, 0x0000000082600000|  0%| F|  |TAMS 0x0000000082500000, 0x0000000082500000| Untracked 
|   8|0x0000000082600000, 0x0000000082600000, 0x0000000082700000|  0%| F|  |TAMS 0x0000000082600000, 0x0000000082600000| Untracked 
|   9|0x0000000082700000, 0x0000000082700000, 0x0000000082800000|  0%| F|  |TAMS 0x0000000082700000, 0x0000000082700000| Untracked 
|  10|0x0000000082800000, 0x0000000082800000, 0x0000000082900000|  0%| F|  |TAMS 0x0000000082800000, 0x0000000082800000| Untracked 
|  11|0x0000000082900000, 0x0000000082900000, 0x0000000082a00000|  0%| F|  |TAMS 0x0000000082900000, 0x0000000082900000| Untracked 
|  12|0x0000000082a00000, 0x0000000082a00000, 0x0000000082b00000|  0%| F|  |TAMS 0x0000000082a00000, 0x0000000082a00000| Untracked 
|  13|0x0000000082b00000, 0x0000000082b00000, 0x0000000082c00000|  0%| F|  |TAMS 0x0000000082b00000, 0x0000000082b00000| Untracked 
|  14|0x0000000082c00000, 0x0000000082c00000, 0x0000000082d00000|  0%| F|  |TAMS 0x0000000082c00000, 0x0000000082c00000| Untracked 
|  15|0x0000000082d00000, 0x0000000082d00000, 0x0000000082e00000|  0%| F|  |TAMS 0x0000000082d00000, 0x0000000082d00000| Untracked 
|  16|0x0000000082e00000, 0x0000000082e00000, 0x0000000082f00000|  0%| F|  |TAMS 0x0000000082e00000, 0x0000000082e00000| Untracked 
|  17|0x0000000082f00000, 0x0000000082f00000, 0x0000000083000000|  0%| F|  |TAMS 0x0000000082f00000, 0x0000000082f00000| Untracked 
|  18|0x0000000083000000, 0x0000000083000000, 0x0000000083100000|  0%| F|  |TAMS 0x0000000083000000, 0x0000000083000000| Untracked 
|  19|0x0000000083100000, 0x0000000083100000, 0x0000000083200000|  0%| F|  |TAMS 0x0000000083100000, 0x0000000083100000| Untracked 
|  20|0x0000000083200000, 0x0000000083200000, 0x0000000083300000|  0%| F|  |TAMS 0x0000000083200000, 0x0000000083200000| Untracked 
|  21|0x0000000083300000, 0x0000000083300000, 0x0000000083400000|  0%| F|  |TAMS 0x0000000083300000, 0x0000000083300000| Untracked 
|  22|0x0000000083400000, 0x0000000083400000, 0x0000000083500000|  0%| F|  |TAMS 0x0000000083400000, 0x0000000083400000| Untracked 
|  23|0x0000000083500000, 0x0000000083500000, 0x0000000083600000|  0%| F|  |TAMS 0x0000000083500000, 0x0000000083500000| Untracked 
|  24|0x0000000083600000, 0x0000000083600000, 0x0000000083700000|  0%| F|  |TAMS 0x0000000083600000, 0x0000000083600000| Untracked 
|  25|0x0000000083700000, 0x0000000083700000, 0x0000000083800000|  0%| F|  |TAMS 0x0000000083700000, 0x0000000083700000| Untracked 
|  26|0x0000000083800000, 0x0000000083800000, 0x0000000083900000|  0%| F|  |TAMS 0x0000000083800000, 0x0000000083800000| Untracked 
|  27|0x0000000083900000, 0x0000000083900000, 0x0000000083a00000|  0%| F|  |TAMS 0x0000000083900000, 0x0000000083900000| Untracked 
|  28|0x0000000083a00000, 0x0000000083a00000, 0x0000000083b00000|  0%| F|  |TAMS 0x0000000083a00000, 0x0000000083a00000| Untracked 
|  29|0x0000000083b00000, 0x0000000083b00000, 0x0000000083c00000|  0%| F|  |TAMS 0x0000000083b00000, 0x0000000083b00000| Untracked 
|  30|0x0000000083c00000, 0x0000000083c00000, 0x0000000083d00000|  0%| F|  |TAMS 0x0000000083c00000, 0x0000000083c00000| Untracked 
|  31|0x0000000083d00000, 0x0000000083d00000, 0x0000000083e00000|  0%| F|  |TAMS 0x0000000083d00000, 0x0000000083d00000| Untracked 
|  32|0x0000000083e00000, 0x0000000083e00000, 0x0000000083f00000|  0%| F|  |TAMS 0x0000000083e00000, 0x0000000083e00000| Untracked 
|  33|0x0000000083f00000, 0x0000000083f00000, 0x0000000084000000|  0%| F|  |TAMS 0x0000000083f00000, 0x0000000083f00000| Untracked 
|  34|0x0000000084000000, 0x0000000084000000, 0x0000000084100000|  0%| F|  |TAMS 0x0000000084000000, 0x0000000084000000| Untracked 
|  35|0x0000000084100000, 0x0000000084100000, 0x0000000084200000|  0%| F|  |TAMS 0x0000000084100000, 0x0000000084100000| Untracked 
|  36|0x0000000084200000, 0x0000000084200000, 0x0000000084300000|  0%| F|  |TAMS 0x0000000084200000, 0x0000000084200000| Untracked 
|  37|0x0000000084300000, 0x0000000084300000, 0x0000000084400000|  0%| F|  |TAMS 0x0000000084300000, 0x0000000084300000| Untracked 
|  38|0x0000000084400000, 0x0000000084400000, 0x0000000084500000|  0%| F|  |TAMS 0x0000000084400000, 0x0000000084400000| Untracked 
|  39|0x0000000084500000, 0x0000000084500000, 0x0000000084600000|  0%| F|  |TAMS 0x0000000084500000, 0x0000000084500000| Untracked 
|  40|0x0000000084600000, 0x0000000084600000, 0x0000000084700000|  0%| F|  |TAMS 0x0000000084600000, 0x0000000084600000| Untracked 
|  41|0x0000000084700000, 0x0000000084700000, 0x0000000084800000|  0%| F|  |TAMS 0x0000000084700000, 0x0000000084700000| Untracked 
|  42|0x0000000084800000, 0x0000000084800000, 0x0000000084900000|  0%| F|  |TAMS 0x0000000084800000, 0x0000000084800000| Untracked 
|  43|0x0000000084900000, 0x0000000084900000, 0x0000000084a00000|  0%| F|  |TAMS 0x0000000084900000, 0x0000000084900000| Untracked 
|  44|0x0000000084a00000, 0x0000000084a00000, 0x0000000084b00000|  0%| F|  |TAMS 0x0000000084a00000, 0x0000000084a00000| Untracked 
|  45|0x0000000084b00000, 0x0000000084b00000, 0x0000000084c00000|  0%| F|  |TAMS 0x0000000084b00000, 0x0000000084b00000| Untracked 
|  46|0x0000000084c00000, 0x0000000084c00000, 0x0000000084d00000|  0%| F|  |TAMS 0x0000000084c00000, 0x0000000084c00000| Untracked 
|  47|0x0000000084d00000, 0x0000000084d00000, 0x0000000084e00000|  0%| F|  |TAMS 0x0000000084d00000, 0x0000000084d00000| Untracked 
|  48|0x0000000084e00000, 0x0000000084e00000, 0x0000000084f00000|  0%| F|  |TAMS 0x0000000084e00000, 0x0000000084e00000| Untracked 
|  49|0x0000000084f00000, 0x0000000084f00000, 0x0000000085000000|  0%| F|  |TAMS 0x0000000084f00000, 0x0000000084f00000| Untracked 
|  50|0x0000000085000000, 0x0000000085000000, 0x0000000085100000|  0%| F|  |TAMS 0x0000000085000000, 0x0000000085000000| Untracked 
|  51|0x0000000085100000, 0x0000000085100000, 0x0000000085200000|  0%| F|  |TAMS 0x0000000085100000, 0x0000000085100000| Untracked 
|  52|0x0000000085200000, 0x0000000085200000, 0x0000000085300000|  0%| F|  |TAMS 0x0000000085200000, 0x0000000085200000| Untracked 
|  53|0x0000000085300000, 0x0000000085300000, 0x0000000085400000|  0%| F|  |TAMS 0x0000000085300000, 0x0000000085300000| Untracked 
|  54|0x0000000085400000, 0x0000000085400000, 0x0000000085500000|  0%| F|  |TAMS 0x0000000085400000, 0x0000000085400000| Untracked 
|  55|0x0000000085500000, 0x0000000085500000, 0x0000000085600000|  0%| F|  |TAMS 0x0000000085500000, 0x0000000085500000| Untracked 
|  56|0x0000000085600000, 0x0000000085600000, 0x0000000085700000|  0%| F|  |TAMS 0x0000000085600000, 0x0000000085600000| Untracked 
|  57|0x0000000085700000, 0x0000000085700000, 0x0000000085800000|  0%| F|  |TAMS 0x0000000085700000, 0x0000000085700000| Untracked 
|  58|0x0000000085800000, 0x0000000085800000, 0x0000000085900000|  0%| F|  |TAMS 0x0000000085800000, 0x0000000085800000| Untracked 
|  59|0x0000000085900000, 0x0000000085900000, 0x0000000085a00000|  0%| F|  |TAMS 0x0000000085900000, 0x0000000085900000| Untracked 
|  60|0x0000000085a00000, 0x0000000085a00000, 0x0000000085b00000|  0%| F|  |TAMS 0x0000000085a00000, 0x0000000085a00000| Untracked 
|  61|0x0000000085b00000, 0x0000000085b00000, 0x0000000085c00000|  0%| F|  |TAMS 0x0000000085b00000, 0x0000000085b00000| Untracked 
|  62|0x0000000085c00000, 0x0000000085c00000, 0x0000000085d00000|  0%| F|  |TAMS 0x0000000085c00000, 0x0000000085c00000| Untracked 
|  63|0x0000000085d00000, 0x0000000085d00000, 0x0000000085e00000|  0%| F|  |TAMS 0x0000000085d00000, 0x0000000085d00000| Untracked 
|  64|0x0000000085e00000, 0x0000000085e00000, 0x0000000085f00000|  0%| F|  |TAMS 0x0000000085e00000, 0x0000000085e00000| Untracked 
|  65|0x0000000085f00000, 0x0000000085f00000, 0x0000000086000000|  0%| F|  |TAMS 0x0000000085f00000, 0x0000000085f00000| Untracked 
|  66|0x0000000086000000, 0x0000000086000000, 0x0000000086100000|  0%| F|  |TAMS 0x0000000086000000, 0x0000000086000000| Untracked 
|  67|0x0000000086100000, 0x0000000086100000, 0x0000000086200000|  0%| F|  |TAMS 0x0000000086100000, 0x0000000086100000| Untracked 
|  68|0x0000000086200000, 0x0000000086200000, 0x0000000086300000|  0%| F|  |TAMS 0x0000000086200000, 0x0000000086200000| Untracked 
|  69|0x0000000086300000, 0x0000000086300000, 0x0000000086400000|  0%| F|  |TAMS 0x0000000086300000, 0x0000000086300000| Untracked 
|  70|0x0000000086400000, 0x0000000086400000, 0x0000000086500000|  0%| F|  |TAMS 0x0000000086400000, 0x0000000086400000| Untracked 
|  71|0x0000000086500000, 0x0000000086500000, 0x0000000086600000|  0%| F|  |TAMS 0x0000000086500000, 0x0000000086500000| Untracked 
|  72|0x0000000086600000, 0x0000000086600000, 0x0000000086700000|  0%| F|  |TAMS 0x0000000086600000, 0x0000000086600000| Untracked 
|  73|0x0000000086700000, 0x0000000086700000, 0x0000000086800000|  0%| F|  |TAMS 0x0000000086700000, 0x0000000086700000| Untracked 
|  74|0x0000000086800000, 0x0000000086800000, 0x0000000086900000|  0%| F|  |TAMS 0x0000000086800000, 0x0000000086800000| Untracked 
|  75|0x0000000086900000, 0x0000000086900000, 0x0000000086a00000|  0%| F|  |TAMS 0x0000000086900000, 0x0000000086900000| Untracked 
|  76|0x0000000086a00000, 0x0000000086a00000, 0x0000000086b00000|  0%| F|  |TAMS 0x0000000086a00000, 0x0000000086a00000| Untracked 
|  77|0x0000000086b00000, 0x0000000086b00000, 0x0000000086c00000|  0%| F|  |TAMS 0x0000000086b00000, 0x0000000086b00000| Untracked 
|  78|0x0000000086c00000, 0x0000000086c00000, 0x0000000086d00000|  0%| F|  |TAMS 0x0000000086c00000, 0x0000000086c00000| Untracked 
|  79|0x0000000086d00000, 0x0000000086d00000, 0x0000000086e00000|  0%| F|  |TAMS 0x0000000086d00000, 0x0000000086d00000| Untracked 
|  80|0x0000000086e00000, 0x0000000086e00000, 0x0000000086f00000|  0%| F|  |TAMS 0x0000000086e00000, 0x0000000086e00000| Untracked 
|  81|0x0000000086f00000, 0x0000000086f00000, 0x0000000087000000|  0%| F|  |TAMS 0x0000000086f00000, 0x0000000086f00000| Untracked 
|  82|0x0000000087000000, 0x0000000087000000, 0x0000000087100000|  0%| F|  |TAMS 0x0000000087000000, 0x0000000087000000| Untracked 
|  83|0x0000000087100000, 0x0000000087100000, 0x0000000087200000|  0%| F|  |TAMS 0x0000000087100000, 0x0000000087100000| Untracked 
|  84|0x0000000087200000, 0x0000000087200000, 0x0000000087300000|  0%| F|  |TAMS 0x0000000087200000, 0x0000000087200000| Untracked 
|  85|0x0000000087300000, 0x0000000087300000, 0x0000000087400000|  0%| F|  |TAMS 0x0000000087300000, 0x0000000087300000| Untracked 
|  86|0x0000000087400000, 0x0000000087400000, 0x0000000087500000|  0%| F|  |TAMS 0x0000000087400000, 0x0000000087400000| Untracked 
|  87|0x0000000087500000, 0x0000000087500000, 0x0000000087600000|  0%| F|  |TAMS 0x0000000087500000, 0x0000000087500000| Untracked 
|  88|0x0000000087600000, 0x0000000087600000, 0x0000000087700000|  0%| F|  |TAMS 0x0000000087600000, 0x0000000087600000| Untracked 
|  89|0x0000000087700000, 0x0000000087700000, 0x0000000087800000|  0%| F|  |TAMS 0x0000000087700000, 0x0000000087700000| Untracked 
|  90|0x0000000087800000, 0x0000000087800000, 0x0000000087900000|  0%| F|  |TAMS 0x0000000087800000, 0x0000000087800000| Untracked 
|  91|0x0000000087900000, 0x0000000087900000, 0x0000000087a00000|  0%| F|  |TAMS 0x0000000087900000, 0x0000000087900000| Untracked 
|  92|0x0000000087a00000, 0x0000000087a00000, 0x0000000087b00000|  0%| F|  |TAMS 0x0000000087a00000, 0x0000000087a00000| Untracked 
|  93|0x0000000087b00000, 0x0000000087b00000, 0x0000000087c00000|  0%| F|  |TAMS 0x0000000087b00000, 0x0000000087b00000| Untracked 
|  94|0x0000000087c00000, 0x0000000087c00000, 0x0000000087d00000|  0%| F|  |TAMS 0x0000000087c00000, 0x0000000087c00000| Untracked 
|  95|0x0000000087d00000, 0x0000000087d00000, 0x0000000087e00000|  0%| F|  |TAMS 0x0000000087d00000, 0x0000000087d00000| Untracked 
|  96|0x0000000087e00000, 0x0000000087e00000, 0x0000000087f00000|  0%| F|  |TAMS 0x0000000087e00000, 0x0000000087e00000| Untracked 
|  97|0x0000000087f00000, 0x0000000087f00000, 0x0000000088000000|  0%| F|  |TAMS 0x0000000087f00000, 0x0000000087f00000| Untracked 
|  98|0x0000000088000000, 0x0000000088000000, 0x0000000088100000|  0%| F|  |TAMS 0x0000000088000000, 0x0000000088000000| Untracked 
|  99|0x0000000088100000, 0x0000000088100000, 0x0000000088200000|  0%| F|  |TAMS 0x0000000088100000, 0x0000000088100000| Untracked 
| 100|0x0000000088200000, 0x0000000088200000, 0x0000000088300000|  0%| F|  |TAMS 0x0000000088200000, 0x0000000088200000| Untracked 
| 101|0x0000000088300000, 0x0000000088300000, 0x0000000088400000|  0%| F|  |TAMS 0x0000000088300000, 0x0000000088300000| Untracked 
| 102|0x0000000088400000, 0x0000000088400000, 0x0000000088500000|  0%| F|  |TAMS 0x0000000088400000, 0x0000000088400000| Untracked 
| 103|0x0000000088500000, 0x0000000088500000, 0x0000000088600000|  0%| F|  |TAMS 0x0000000088500000, 0x0000000088500000| Untracked 
| 104|0x0000000088600000, 0x0000000088600000, 0x0000000088700000|  0%| F|  |TAMS 0x0000000088600000, 0x0000000088600000| Untracked 
| 105|0x0000000088700000, 0x0000000088700000, 0x0000000088800000|  0%| F|  |TAMS 0x0000000088700000, 0x0000000088700000| Untracked 
| 106|0x0000000088800000, 0x0000000088800000, 0x0000000088900000|  0%| F|  |TAMS 0x0000000088800000, 0x0000000088800000| Untracked 
| 107|0x0000000088900000, 0x0000000088900000, 0x0000000088a00000|  0%| F|  |TAMS 0x0000000088900000, 0x0000000088900000| Untracked 
| 108|0x0000000088a00000, 0x0000000088a00000, 0x0000000088b00000|  0%| F|  |TAMS 0x0000000088a00000, 0x0000000088a00000| Untracked 
| 109|0x0000000088b00000, 0x0000000088b00000, 0x0000000088c00000|  0%| F|  |TAMS 0x0000000088b00000, 0x0000000088b00000| Untracked 
| 110|0x0000000088c00000, 0x0000000088c00000, 0x0000000088d00000|  0%| F|  |TAMS 0x0000000088c00000, 0x0000000088c00000| Untracked 
| 111|0x0000000088d00000, 0x0000000088d00000, 0x0000000088e00000|  0%| F|  |TAMS 0x0000000088d00000, 0x0000000088d00000| Untracked 
| 112|0x0000000088e00000, 0x0000000088e00000, 0x0000000088f00000|  0%| F|  |TAMS 0x0000000088e00000, 0x0000000088e00000| Untracked 
| 113|0x0000000088f00000, 0x0000000089000000, 0x0000000089000000|100%| S|CS|TAMS 0x0000000088f00000, 0x0000000088f00000| Complete 
| 114|0x0000000089000000, 0x0000000089100000, 0x0000000089100000|100%| S|CS|TAMS 0x0000000089000000, 0x0000000089000000| Complete 
| 115|0x0000000089100000, 0x0000000089100000, 0x0000000089200000|  0%| F|  |TAMS 0x0000000089100000, 0x0000000089100000| Untracked 
| 116|0x0000000089200000, 0x0000000089200000, 0x0000000089300000|  0%| F|  |TAMS 0x0000000089200000, 0x0000000089200000| Untracked 
| 117|0x0000000089300000, 0x0000000089300000, 0x0000000089400000|  0%| F|  |TAMS 0x0000000089300000, 0x0000000089300000| Untracked 
| 118|0x0000000089400000, 0x0000000089400000, 0x0000000089500000|  0%| F|  |TAMS 0x0000000089400000, 0x0000000089400000| Untracked 
| 119|0x0000000089500000, 0x0000000089500000, 0x0000000089600000|  0%| F|  |TAMS 0x0000000089500000, 0x0000000089500000| Untracked 
| 120|0x0000000089600000, 0x0000000089600000, 0x0000000089700000|  0%| F|  |TAMS 0x0000000089600000, 0x0000000089600000| Untracked 
| 121|0x0000000089700000, 0x000000008972d420, 0x0000000089800000| 17%| E|  |TAMS 0x0000000089700000, 0x0000000089700000| Complete 
| 122|0x0000000089800000, 0x0000000089900000, 0x0000000089900000|100%| E|CS|TAMS 0x0000000089800000, 0x0000000089800000| Complete 
| 123|0x0000000089900000, 0x0000000089a00000, 0x0000000089a00000|100%| E|CS|TAMS 0x0000000089900000, 0x0000000089900000| Complete 
| 124|0x0000000089a00000, 0x0000000089b00000, 0x0000000089b00000|100%| E|CS|TAMS 0x0000000089a00000, 0x0000000089a00000| Complete 
| 125|0x0000000089b00000, 0x0000000089c00000, 0x0000000089c00000|100%| E|CS|TAMS 0x0000000089b00000, 0x0000000089b00000| Complete 
| 126|0x0000000089c00000, 0x0000000089d00000, 0x0000000089d00000|100%| E|CS|TAMS 0x0000000089c00000, 0x0000000089c00000| Complete 
| 127|0x0000000089d00000, 0x0000000089e00000, 0x0000000089e00000|100%| E|CS|TAMS 0x0000000089d00000, 0x0000000089d00000| Complete 

Card table byte_map: [0x000002b1d3a00000,0x000002b1d3e00000] _byte_map_base: 0x000002b1d35f1000

Marking Bits (Prev, Next): (CMBitMap*) 0x000002b1c0f888e0, (CMBitMap*) 0x000002b1c0f88920
 Prev Bits: [0x000002b1d4200000, 0x000002b1d6188000)
 Next Bits: [0x000002b1d6190000, 0x000002b1d8118000)

Polling page: 0x000002b1c0710000

Metaspace:

Usage:
  Non-class:     13.22 MB used.
      Class:      1.44 MB used.
       Both:     14.66 MB used.

Virtual space:
  Non-class space:       16.00 MB reserved,      13.31 MB ( 83%) committed,  2 nodes.
      Class space:        1.00 GB reserved,       1.50 MB ( <1%) committed,  1 nodes.
             Both:        1.02 GB reserved,      14.81 MB (  1%) committed. 

Chunk freelists:
   Non-Class:  2.47 MB
       Class:  2.51 MB
        Both:  4.98 MB

MaxMetaspaceSize: unlimited
CompressedClassSpaceSize: 1.00 GB
Initial GC threshold: 21.00 MB
Current GC threshold: 21.00 MB
CDS: off
MetaspaceReclaimPolicy: balanced
 - commit_granule_bytes: 65536.
 - commit_granule_words: 8192.
 - virtual_space_node_default_size: 1048576.
 - enlarge_chunks_in_place: 1.
 - new_chunks_are_fully_committed: 0.
 - uncommit_free_chunks: 1.
 - use_allocation_guard: 0.
 - handle_deallocations: 1.


Internal statistics:

num_allocs_failed_limit: 0.
num_arena_births: 124.
num_arena_deaths: 0.
num_vsnodes_births: 3.
num_vsnodes_deaths: 0.
num_space_committed: 237.
num_space_uncommitted: 0.
num_chunks_returned_to_freelist: 0.
num_chunks_taken_from_freelist: 202.
num_chunk_merges: 0.
num_chunk_splits: 102.
num_chunks_enlarged: 40.
num_purges: 0.
num_inconsistent_stats: 0.

CodeHeap 'non-profiled nmethods': size=120000Kb used=336Kb max_used=336Kb free=119664Kb
 bounds [0x000002b1cc0d0000, 0x000002b1cc340000, 0x000002b1d3600000]
CodeHeap 'profiled nmethods': size=120000Kb used=1870Kb max_used=1870Kb free=118129Kb
 bounds [0x000002b1c4ba0000, 0x000002b1c4e10000, 0x000002b1cc0d0000]
CodeHeap 'non-nmethods': size=5760Kb used=1293Kb max_used=1293Kb free=4466Kb
 bounds [0x000002b1c4600000, 0x000002b1c4870000, 0x000002b1c4ba0000]
 total_blobs=1770 nmethods=1163 adapters=518
 compilation: enabled
              stopped_count=0, restarted_count=0
 full_count=0

Compilation events (20 events):
Event: 1.484 Thread 0x000002b1db048cc0 1157       1       java.lang.reflect.Constructor::getDeclaringClass (5 bytes)
Event: 1.485 Thread 0x000002b1db048cc0 nmethod 1157 0x000002b1cc122e10 code [0x000002b1cc122fa0, 0x000002b1cc123078]
Event: 1.485 Thread 0x000002b1db048cc0 1158       1       java.lang.reflect.Constructor::getRoot (5 bytes)
Event: 1.485 Thread 0x000002b1db048cc0 nmethod 1158 0x000002b1cc123110 code [0x000002b1cc1232a0, 0x000002b1cc123378]
Event: 1.485 Thread 0x000002b1db048cc0 1159       1       jdk.internal.reflect.DelegatingConstructorAccessorImpl::setDelegate (6 bytes)
Event: 1.485 Thread 0x000002b1db048cc0 nmethod 1159 0x000002b1cc123410 code [0x000002b1cc1235a0, 0x000002b1cc1236b8]
Event: 1.485 Thread 0x000002b1db048cc0 1160       1       jdk.internal.reflect.NativeConstructorAccessorImpl::setParent (6 bytes)
Event: 1.485 Thread 0x000002b1db048cc0 nmethod 1160 0x000002b1cc123710 code [0x000002b1cc1238a0, 0x000002b1cc1239b8]
Event: 1.493 Thread 0x000002b1db048cc0 1163       1       java.awt.image.Raster::getWidth (5 bytes)
Event: 1.494 Thread 0x000002b1db048cc0 nmethod 1163 0x000002b1cc123a10 code [0x000002b1cc123ba0, 0x000002b1cc123c78]
Event: 1.494 Thread 0x000002b1db048cc0 1164       1       java.awt.image.Raster::getHeight (5 bytes)
Event: 1.494 Thread 0x000002b1db048cc0 nmethod 1164 0x000002b1cc123d10 code [0x000002b1cc123ea0, 0x000002b1cc123f78]
Event: 1.494 Thread 0x000002b1db048cc0 1165       3       java.awt.image.IndexColorModel::getRGB (12 bytes)
Event: 1.494 Thread 0x000002b1db048cc0 nmethod 1165 0x000002b1c4d71490 code [0x000002b1c4d71620, 0x000002b1c4d71758]
Event: 1.494 Thread 0x000002b1db048cc0 1166       3       sun.awt.image.GifImageDecoder::sendPixels (415 bytes)
Event: 1.496 Thread 0x000002b1db048cc0 nmethod 1166 0x000002b1c4d71810 code [0x000002b1c4d71a80, 0x000002b1c4d72a08]
Event: 1.496 Thread 0x000002b1db048cc0 1167       3       jdk.internal.math.FDBigInteger::mult (64 bytes)
Event: 1.497 Thread 0x000002b1db048cc0 nmethod 1167 0x000002b1c4d72e10 code [0x000002b1c4d72fc0, 0x000002b1c4d73218]
Event: 1.497 Thread 0x000002b1db048cc0 1168       3       jdk.internal.math.FDBigInteger::<init> (30 bytes)
Event: 1.497 Thread 0x000002b1db048cc0 nmethod 1168 0x000002b1c4d73410 code [0x000002b1c4d735c0, 0x000002b1c4d737c8]

GC Heap History (2 events):
Event: 1.314 GC heap before
{Heap before GC invocations=0 (full 0):
 garbage-first heap   total 131072K, used 12288K [0x0000000081e00000, 0x0000000100000000)
  region size 1024K, 13 young (13312K), 0 survivors (0K)
 Metaspace       used 13835K, committed 14016K, reserved 1064960K
  class space    used 1362K, committed 1472K, reserved 1048576K
}
Event: 1.320 GC heap after
{Heap after GC invocations=1 (full 0):
 garbage-first heap   total 131072K, used 3994K [0x0000000081e00000, 0x0000000100000000)
  region size 1024K, 2 young (2048K), 2 survivors (2048K)
 Metaspace       used 13835K, committed 14016K, reserved 1064960K
  class space    used 1362K, committed 1472K, reserved 1048576K
}

Deoptimization events (20 events):
Event: 1.338 Thread 0x000002b1db5c8030 Uncommon trap: trap_request=0xffffff45 fr.pc=0x000002b1cc11b8b0 relative=0x00000000000003f0
Event: 1.338 Thread 0x000002b1db5c8030 Uncommon trap: reason=unstable_if action=reinterpret pc=0x000002b1cc11b8b0 method=java.lang.Character.isSurrogate(C)Z @ 3 c2
Event: 1.338 Thread 0x000002b1db5c8030 DEOPT PACKING pc=0x000002b1cc11b8b0 sp=0x000000c085afd160
Event: 1.338 Thread 0x000002b1db5c8030 DEOPT UNPACKING pc=0x000002b1c46523a3 sp=0x000000c085afd078 mode 2
Event: 1.414 Thread 0x000002b1db5c8030 Uncommon trap: trap_request=0xffffff45 fr.pc=0x000002b1cc11f904 relative=0x00000000000000e4
Event: 1.414 Thread 0x000002b1db5c8030 Uncommon trap: reason=unstable_if action=reinterpret pc=0x000002b1cc11f904 method=java.lang.ThreadLocal$ThreadLocalMap.getEntry(Ljava/lang/ThreadLocal;)Ljava/lang/ThreadLocal$ThreadLocalMap$Entry; @ 21 c2
Event: 1.414 Thread 0x000002b1db5c8030 DEOPT PACKING pc=0x000002b1cc11f904 sp=0x000000c085afd7e0
Event: 1.414 Thread 0x000002b1db5c8030 DEOPT UNPACKING pc=0x000002b1c46523a3 sp=0x000000c085afd6f8 mode 2
Event: 1.441 Thread 0x000002b1db5c8030 Uncommon trap: trap_request=0xffffff45 fr.pc=0x000002b1cc11c474 relative=0x00000000000000d4
Event: 1.441 Thread 0x000002b1db5c8030 Uncommon trap: reason=unstable_if action=reinterpret pc=0x000002b1cc11c474 method=java.lang.ThreadLocal$ThreadLocalMap.getEntry(Ljava/lang/ThreadLocal;)Ljava/lang/ThreadLocal$ThreadLocalMap$Entry; @ 21 c2
Event: 1.441 Thread 0x000002b1db5c8030 DEOPT PACKING pc=0x000002b1cc11c474 sp=0x000000c085afc610
Event: 1.441 Thread 0x000002b1db5c8030 DEOPT UNPACKING pc=0x000002b1c46523a3 sp=0x000000c085afc5b0 mode 2
Event: 1.442 Thread 0x000002b1db5c8030 Uncommon trap: trap_request=0xffffff45 fr.pc=0x000002b1cc113f74 relative=0x0000000000000074
Event: 1.442 Thread 0x000002b1db5c8030 Uncommon trap: reason=unstable_if action=reinterpret pc=0x000002b1cc113f74 method=jdk.internal.misc.Unsafe.convEndian(ZI)I @ 4 c2
Event: 1.442 Thread 0x000002b1db5c8030 DEOPT PACKING pc=0x000002b1cc113f74 sp=0x000000c085afc4c0
Event: 1.442 Thread 0x000002b1db5c8030 DEOPT UNPACKING pc=0x000002b1c46523a3 sp=0x000000c085afc3c8 mode 2
Event: 1.458 Thread 0x000002b1db5c8030 Uncommon trap: trap_request=0xffffff45 fr.pc=0x000002b1cc117aa8 relative=0x00000000000000a8
Event: 1.458 Thread 0x000002b1db5c8030 Uncommon trap: reason=unstable_if action=reinterpret pc=0x000002b1cc117aa8 method=java.nio.Buffer.limit(I)Ljava/nio/Buffer; @ 42 c2
Event: 1.458 Thread 0x000002b1db5c8030 DEOPT PACKING pc=0x000002b1cc117aa8 sp=0x000000c085afcaf0
Event: 1.458 Thread 0x000002b1db5c8030 DEOPT UNPACKING pc=0x000002b1c46523a3 sp=0x000000c085afca78 mode 2

Classes unloaded (0 events):
No events

Classes redefined (0 events):
No events

Internal exceptions (20 events):
Event: 0.366 Thread 0x000002b1c0f2de50 Exception <a 'java/lang/IncompatibleClassChangeError'{0x0000000089bc80d0}: Found class java.lang.Object, but interface was expected> (0x0000000089bc80d0) 
thrown [s\src\hotspot\share\interpreter\linkResolver.cpp, line 826]
Event: 0.367 Thread 0x000002b1c0f2de50 Exception <a 'java/lang/NoSuchMethodError'{0x0000000089bcb0f8}: 'void java.lang.invoke.DirectMethodHandle$Holder.invokeStatic(java.lang.Object, java.lang.Object, java.lang.Object, java.lang.Object)'> (0x0000000089bcb0f8) 
thrown [s\src\hotspot\share\interpreter\linkResolver.cpp, line 759]
Event: 0.445 Thread 0x000002b1c0f2de50 Exception <a 'sun/nio/fs/WindowsException'{0x0000000089a6fa18}> (0x0000000089a6fa18) 
thrown [s\src\hotspot\share\prims\jni.cpp, line 516]
Event: 0.452 Thread 0x000002b1c0f2de50 Exception <a 'java/lang/ClassNotFoundException'{0x0000000089a75bd8}: sun/awt/resources/spi/awtProvider> (0x0000000089a75bd8) 
thrown [s\src\hotspot\share\classfile\systemDictionary.cpp, line 256]
Event: 0.488 Thread 0x000002b1c0f2de50 Exception <a 'java/io/FileNotFoundException'{0x0000000089ac98a0}> (0x0000000089ac98a0) 
thrown [s\src\hotspot\share\prims\jni.cpp, line 516]
Event: 0.498 Thread 0x000002b1c0f2de50 Exception <a 'java/io/FileNotFoundException'{0x0000000089af6820}> (0x0000000089af6820) 
thrown [s\src\hotspot\share\prims\jni.cpp, line 516]
Event: 0.555 Thread 0x000002b1c0f2de50 Exception <a 'java/lang/NoSuchMethodError'{0x0000000089931ff0}: 'java.lang.Object java.lang.invoke.DirectMethodHandle$Holder.invokeStaticInit(java.lang.Object)'> (0x0000000089931ff0) 
thrown [s\src\hotspot\share\interpreter\linkResolver.cpp, line 759]
Event: 0.616 Thread 0x000002b1c0f2de50 Exception <a 'java/lang/NoSuchMethodError'{0x00000000899e3580}: 'java.lang.Object java.lang.invoke.DirectMethodHandle$Holder.newInvokeSpecial(java.lang.Object, java.lang.Object, java.lang.Object, java.lang.Object, java.lang.Object)'> (0x00000000899e3580) 
thrown [s\src\hotspot\share\interpreter\linkResolver.cpp, line 759]
Event: 0.619 Thread 0x000002b1c0f2de50 Exception <a 'java/lang/NoSuchMethodError'{0x00000000899eef48}: 'java.lang.Object java.lang.invoke.DirectMethodHandle$Holder.invokeStatic(java.lang.Object, int, java.lang.Object, java.lang.Object, java.lang.Object, java.lang.Object)'> (0x00000000899eef48) 
thrown [s\src\hotspot\share\interpreter\linkResolver.cpp, line 759]
Event: 0.626 Thread 0x000002b1c0f2de50 Exception <a 'java/lang/NoSuchMethodError'{0x0000000089814fa0}: 'java.lang.Object java.lang.invoke.DirectMethodHandle$Holder.invokeStatic(java.lang.Object, int, java.lang.Object)'> (0x0000000089814fa0) 
thrown [s\src\hotspot\share\interpreter\linkResolver.cpp, line 759]
Event: 0.666 Thread 0x000002b1c0f2de50 Exception <a 'java/lang/ClassNotFoundException'{0x00000000898cc7b8}: com/sun/swing/internal/plaf/metal/resources/spi/metalProvider> (0x00000000898cc7b8) 
thrown [s\src\hotspot\share\classfile\systemDictionary.cpp, line 256]
Event: 0.667 Thread 0x000002b1c0f2de50 Exception <a 'java/lang/ClassNotFoundException'{0x00000000898d0610}: com/sun/swing/internal/plaf/basic/resources/spi/basicProvider> (0x00000000898d0610) 
thrown [s\src\hotspot\share\classfile\systemDictionary.cpp, line 256]
Event: 0.674 Thread 0x000002b1c0f2de50 Implicit null exception at 0x000002b1cc0f69d8 to 0x000002b1cc0f6a6a
Event: 0.691 Thread 0x000002b1db4179b0 Exception <a 'java/lang/NoSuchMethodError'{0x000000008970c280}: 'java.lang.Object java.lang.invoke.DirectMethodHandle$Holder.newInvokeSpecial(java.lang.Object, java.lang.Object, java.lang.Object, int, int, int, int, int)'> (0x000000008970c280) 
thrown [s\src\hotspot\share\interpreter\linkResolver.cpp, line 759]
Event: 0.781 Thread 0x000002b1c0f2de50 Implicit null exception at 0x000002b1cc0e310f to 0x000002b1cc0e3185
Event: 0.791 Thread 0x000002b1db4179b0 Exception <a 'java/lang/InterruptedException'{0x00000000896e8cf0}: sleep interrupted> (0x00000000896e8cf0) 
thrown [s\src\hotspot\share\prims\jvm.cpp, line 3044]
Event: 0.833 Thread 0x000002b1c0f2de50 Exception <a 'java/lang/NoSuchMethodError'{0x0000000089511550}: 'void java.lang.invoke.DirectMethodHandle$Holder.invokeStaticInit(java.lang.Object)'> (0x0000000089511550) 
thrown [s\src\hotspot\share\interpreter\linkResolver.cpp, line 759]
Event: 0.882 Thread 0x000002b1c0f2de50 Exception <a 'sun/nio/fs/WindowsException'{0x000000008956df28}> (0x000000008956df28) 
thrown [s\src\hotspot\share\prims\jni.cpp, line 516]
Event: 1.414 Thread 0x000002b1db5c8030 Implicit null exception at 0x000002b1cc11f87c to 0x000002b1cc11f8ec
Event: 1.441 Thread 0x000002b1db5c8030 Implicit null exception at 0x000002b1cc11c3f0 to 0x000002b1cc11c45c

VM Operations (16 events):
Event: 0.363 Executing VM operation: HandshakeAllThreads
Event: 0.363 Executing VM operation: HandshakeAllThreads done
Event: 0.785 Executing VM operation: HandshakeAllThreads
Event: 0.785 Executing VM operation: HandshakeAllThreads done
Event: 0.786 Executing VM operation: HandshakeAllThreads
Event: 0.786 Executing VM operation: HandshakeAllThreads done
Event: 0.793 Executing VM operation: HandshakeAllThreads
Event: 0.793 Executing VM operation: HandshakeAllThreads done
Event: 0.867 Executing VM operation: HandshakeAllThreads
Event: 0.867 Executing VM operation: HandshakeAllThreads done
Event: 1.291 Executing VM operation: ICBufferFull
Event: 1.291 Executing VM operation: ICBufferFull done
Event: 1.314 Executing VM operation: G1CollectForAllocation
Event: 1.320 Executing VM operation: G1CollectForAllocation done
Event: 1.334 Executing VM operation: HandshakeAllThreads
Event: 1.334 Executing VM operation: HandshakeAllThreads done

Events (20 events):
Event: 1.494 loading class jdk/internal/math/FloatingDecimal$BinaryToASCIIBuffer
Event: 1.494 loading class jdk/internal/math/FloatingDecimal$BinaryToASCIIBuffer done
Event: 1.494 loading class jdk/internal/math/FloatingDecimal$1
Event: 1.494 loading class jdk/internal/math/FloatingDecimal$1 done
Event: 1.494 loading class jdk/internal/math/FloatingDecimal$PreparedASCIIToBinaryBuffer
Event: 1.494 loading class jdk/internal/math/FloatingDecimal$ASCIIToBinaryConverter
Event: 1.494 loading class jdk/internal/math/FloatingDecimal$ASCIIToBinaryConverter done
Event: 1.494 loading class jdk/internal/math/FloatingDecimal$PreparedASCIIToBinaryBuffer done
Event: 1.495 loading class jdk/internal/math/FDBigInteger
Event: 1.495 loading class jdk/internal/math/FDBigInteger done
Event: 1.496 loading class java/text/DigitList$1
Event: 1.497 loading class java/text/DigitList$1 done
Event: 1.497 loading class java/text/NumberFormat$Field
Event: 1.497 loading class java/text/Format$Field
Event: 1.497 loading class java/text/Format$Field done
Event: 1.497 loading class java/text/NumberFormat$Field done
Event: 1.500 loading class javax/swing/plaf/metal/MetalUtils
Event: 1.500 loading class javax/swing/plaf/metal/MetalUtils done
Event: 1.500 loading class java/awt/geom/RectIterator
Event: 1.500 loading class java/awt/geom/RectIterator done


Dynamic libraries:
0x00007ff6a4200000 - 0x00007ff6a420e000 	C:\Users\1ali2\Desktop\eclipse\plugins\org.eclipse.justj.openjdk.hotspot.jre.full.win32.x86_64_17.0.4.v20220903-1038\jre\bin\javaw.exe
0x00007ffa831b0000 - 0x00007ffa833a8000 	C:\Windows\SYSTEM32\ntdll.dll
0x00007ffa82390000 - 0x00007ffa8244f000 	C:\Windows\System32\KERNEL32.DLL
0x00007ffa80de0000 - 0x00007ffa810b2000 	C:\Windows\System32\KERNELBASE.dll
0x00007ffa808f0000 - 0x00007ffa809f0000 	C:\Windows\System32\ucrtbase.dll
0x00007ffa71860000 - 0x00007ffa71879000 	C:\Users\1ali2\Desktop\eclipse\plugins\org.eclipse.justj.openjdk.hotspot.jre.full.win32.x86_64_17.0.4.v20220903-1038\jre\bin\VCRUNTIME140.dll
0x00007ffa6f300000 - 0x00007ffa6f318000 	C:\Users\1ali2\Desktop\eclipse\plugins\org.eclipse.justj.openjdk.hotspot.jre.full.win32.x86_64_17.0.4.v20220903-1038\jre\bin\jli.dll
0x00007ffa826e0000 - 0x00007ffa82881000 	C:\Windows\System32\USER32.dll
0x00007ffa73960000 - 0x00007ffa73bfa000 	C:\Windows\WinSxS\amd64_microsoft.windows.common-controls_6595b64144ccf1df_6.0.19041.1110_none_60b5254171f9507e\COMCTL32.dll
0x00007ffa80bf0000 - 0x00007ffa80c12000 	C:\Windows\System32\win32u.dll
0x00007ffa82d50000 - 0x00007ffa82dee000 	C:\Windows\System32\msvcrt.dll
0x00007ffa82cd0000 - 0x00007ffa82cfb000 	C:\Windows\System32\GDI32.dll
0x00007ffa80cd0000 - 0x00007ffa80ddf000 	C:\Windows\System32\gdi32full.dll
0x00007ffa810c0000 - 0x00007ffa8115d000 	C:\Windows\System32\msvcp_win.dll
0x00007ffa82d10000 - 0x00007ffa82d42000 	C:\Windows\System32\IMM32.DLL
0x00007ffa79900000 - 0x00007ffa7990c000 	C:\Users\1ali2\Desktop\eclipse\plugins\org.eclipse.justj.openjdk.hotspot.jre.full.win32.x86_64_17.0.4.v20220903-1038\jre\bin\vcruntime140_1.dll
0x00007ffa67770000 - 0x00007ffa67801000 	C:\Users\1ali2\Desktop\eclipse\plugins\org.eclipse.justj.openjdk.hotspot.jre.full.win32.x86_64_17.0.4.v20220903-1038\jre\bin\msvcp140.dll
0x00007ffa33a30000 - 0x00007ffa34676000 	C:\Users\1ali2\Desktop\eclipse\plugins\org.eclipse.justj.openjdk.hotspot.jre.full.win32.x86_64_17.0.4.v20220903-1038\jre\bin\server\jvm.dll
0x00007ffa82fa0000 - 0x00007ffa8304e000 	C:\Windows\System32\ADVAPI32.dll
0x00007ffa82c30000 - 0x00007ffa82ccc000 	C:\Windows\System32\sechost.dll
0x00007ffa82450000 - 0x00007ffa82575000 	C:\Windows\System32\RPCRT4.dll
0x00007ffa82d00000 - 0x00007ffa82d08000 	C:\Windows\System32\PSAPI.DLL
0x00007ffa7e0f0000 - 0x00007ffa7e0f9000 	C:\Windows\SYSTEM32\WSOCK32.dll
0x00007ffa77ff0000 - 0x00007ffa78017000 	C:\Windows\SYSTEM32\WINMM.dll
0x00007ffa771a0000 - 0x00007ffa771aa000 	C:\Windows\SYSTEM32\VERSION.dll
0x00007ffa829e0000 - 0x00007ffa82a4b000 	C:\Windows\System32\WS2_32.dll
0x00007ffa7e760000 - 0x00007ffa7e772000 	C:\Windows\SYSTEM32\kernel.appcore.dll
0x00007ffa7ce60000 - 0x00007ffa7ce6a000 	C:\Users\1ali2\Desktop\eclipse\plugins\org.eclipse.justj.openjdk.hotspot.jre.full.win32.x86_64_17.0.4.v20220903-1038\jre\bin\jimage.dll
0x00007ffa7bff0000 - 0x00007ffa7c1d4000 	C:\Windows\SYSTEM32\DBGHELP.DLL
0x00007ffa7c410000 - 0x00007ffa7c445000 	C:\Windows\SYSTEM32\dbgcore.DLL
0x00007ffa81160000 - 0x00007ffa811e2000 	C:\Windows\System32\bcryptPrimitives.dll
0x00007ffa794f0000 - 0x00007ffa79515000 	C:\Users\1ali2\Desktop\eclipse\plugins\org.eclipse.justj.openjdk.hotspot.jre.full.win32.x86_64_17.0.4.v20220903-1038\jre\bin\java.dll
0x00007ffa79bf0000 - 0x00007ffa79c08000 	C:\Users\1ali2\Desktop\eclipse\plugins\org.eclipse.justj.openjdk.hotspot.jre.full.win32.x86_64_17.0.4.v20220903-1038\jre\bin\zip.dll
0x00007ffa81550000 - 0x00007ffa81c94000 	C:\Windows\System32\SHELL32.dll
0x00007ffa7e960000 - 0x00007ffa7f0f2000 	C:\Windows\SYSTEM32\windows.storage.dll
0x00007ffa811f0000 - 0x00007ffa81545000 	C:\Windows\System32\combase.dll
0x00007ffa80290000 - 0x00007ffa802c0000 	C:\Windows\SYSTEM32\Wldp.dll
0x00007ffa82890000 - 0x00007ffa8293d000 	C:\Windows\System32\SHCORE.dll
0x00007ffa82bd0000 - 0x00007ffa82c25000 	C:\Windows\System32\shlwapi.dll
0x00007ffa807e0000 - 0x00007ffa807ff000 	C:\Windows\SYSTEM32\profapi.dll
0x00007ffa73700000 - 0x00007ffa73719000 	C:\Users\1ali2\Desktop\eclipse\plugins\org.eclipse.justj.openjdk.hotspot.jre.full.win32.x86_64_17.0.4.v20220903-1038\jre\bin\net.dll
0x00007ffa7c210000 - 0x00007ffa7c31c000 	C:\Windows\SYSTEM32\WINHTTP.dll
0x00007ffa7fff0000 - 0x00007ffa8005a000 	C:\Windows\system32\mswsock.dll
0x00007ffa73240000 - 0x00007ffa73255000 	C:\Users\1ali2\Desktop\eclipse\plugins\org.eclipse.justj.openjdk.hotspot.jre.full.win32.x86_64_17.0.4.v20220903-1038\jre\bin\nio.dll
0x00007ffa673b0000 - 0x00007ffa6753e000 	C:\Users\1ali2\Desktop\eclipse\plugins\org.eclipse.justj.openjdk.hotspot.jre.full.win32.x86_64_17.0.4.v20220903-1038\jre\bin\awt.dll
0x00007ffa82580000 - 0x00007ffa8264d000 	C:\Windows\System32\OLEAUT32.dll
0x00007ffa7bcf0000 - 0x00007ffa7bd81000 	C:\Windows\SYSTEM32\apphelp.dll
0x00007ffa7e470000 - 0x00007ffa7e49f000 	C:\Windows\system32\DWMAPI.DLL
0x00007ffa7e270000 - 0x00007ffa7e30e000 	C:\Windows\system32\uxtheme.dll
0x00007ffa69770000 - 0x00007ffa69895000 	C:\Windows\system32\opengl32.dll
0x00007ffa715c0000 - 0x00007ffa715ec000 	C:\Windows\SYSTEM32\GLU32.dll
0x00007ffa82ab0000 - 0x00007ffa82bc5000 	C:\Windows\System32\MSCTF.dll
0x00007ffa82250000 - 0x00007ffa8237a000 	C:\Windows\System32\ole32.dll
0x00007ffa6a330000 - 0x00007ffa6a35d000 	C:\Users\1ali2\Desktop\eclipse\plugins\org.eclipse.justj.openjdk.hotspot.jre.full.win32.x86_64_17.0.4.v20220903-1038\jre\bin\javajpeg.dll
0x00007ffa67320000 - 0x00007ffa673a6000 	C:\Users\1ali2\Desktop\eclipse\plugins\org.eclipse.justj.openjdk.hotspot.jre.full.win32.x86_64_17.0.4.v20220903-1038\jre\bin\freetype.dll
0x00007ffa67270000 - 0x00007ffa67318000 	C:\Users\1ali2\Desktop\eclipse\plugins\org.eclipse.justj.openjdk.hotspot.jre.full.win32.x86_64_17.0.4.v20220903-1038\jre\bin\fontmanager.dll
0x00007ffa725a0000 - 0x00007ffa72699000 	C:\Windows\SYSTEM32\textinputframework.dll
0x00007ffa7b2b0000 - 0x00007ffa7b60e000 	C:\Windows\System32\CoreUIComponents.dll
0x00007ffa7b990000 - 0x00007ffa7ba82000 	C:\Windows\System32\CoreMessaging.dll
0x00007ffa7fa30000 - 0x00007ffa7fa63000 	C:\Windows\SYSTEM32\ntmarta.dll
0x00007ffa7d540000 - 0x00007ffa7d694000 	C:\Windows\SYSTEM32\wintypes.dll

dbghelp: loaded successfully - version: 4.0.5 - missing functions: none
symbol engine: initialized successfully - sym options: 0x614 - pdb path: .;C:\Users\1ali2\Desktop\eclipse\plugins\org.eclipse.justj.openjdk.hotspot.jre.full.win32.x86_64_17.0.4.v20220903-1038\jre\bin;C:\Windows\SYSTEM32;C:\Windows\WinSxS\amd64_microsoft.windows.common-controls_6595b64144ccf1df_6.0.19041.1110_none_60b5254171f9507e;C:\Users\1ali2\Desktop\eclipse\plugins\org.eclipse.justj.openjdk.hotspot.jre.full.win32.x86_64_17.0.4.v20220903-1038\jre\bin\server

VM Arguments:
jvm_args: -Dfile.encoding=UTF-8 --module-path=C:\Users\1ali2\Desktop\JAVA\QCM\bin;C:\Users\1ali2\Desktop\JAVA\QCM\jcalendar-1.4.jar;C:\Users\1ali2\Desktop\JAVA\QCM\mysql-connector-j-8.0.31.jar -XX:+ShowCodeDetailsInExceptionMessages -Djdk.module.main=QCM 
java_command: QCM/app.Principale
java_class_path (initial): <not set>
Launcher Type: SUN_STANDARD

[Global flags]
     intx CICompilerCount                          = 3                                         {product} {ergonomic}
     uint ConcGCThreads                            = 1                                         {product} {ergonomic}
     uint G1ConcRefinementThreads                  = 4                                         {product} {ergonomic}
   size_t G1HeapRegionSize                         = 1048576                                   {product} {ergonomic}
    uintx GCDrainStackTargetSize                   = 64                                        {product} {ergonomic}
   size_t InitialHeapSize                          = 134217728                                 {product} {ergonomic}
   size_t MarkStackSize                            = 4194304                                   {product} {ergonomic}
   size_t MaxHeapSize                              = 2116026368                                {product} {ergonomic}
   size_t MaxNewSize                               = 1268776960                                {product} {ergonomic}
   size_t MinHeapDeltaBytes                        = 1048576                                   {product} {ergonomic}
   size_t MinHeapSize                              = 8388608                                   {product} {ergonomic}
    uintx NonNMethodCodeHeapSize                   = 5832780                                {pd product} {ergonomic}
    uintx NonProfiledCodeHeapSize                  = 122912730                              {pd product} {ergonomic}
    uintx ProfiledCodeHeapSize                     = 122912730                              {pd product} {ergonomic}
    uintx ReservedCodeCacheSize                    = 251658240                              {pd product} {ergonomic}
     bool SegmentedCodeCache                       = true                                      {product} {ergonomic}
     bool ShowCodeDetailsInExceptionMessages       = true                                   {manageable} {command line}
   size_t SoftMaxHeapSize                          = 2116026368                             {manageable} {ergonomic}
     bool UseCompressedClassPointers               = true                           {product lp64_product} {ergonomic}
     bool UseCompressedOops                        = true                           {product lp64_product} {ergonomic}
     bool UseG1GC                                  = true                                      {product} {ergonomic}
     bool UseLargePagesIndividualAllocation        = false                                  {pd product} {ergonomic}

Logging:
Log output configuration:
 #0: stdout all=warning uptime,level,tags
 #1: stderr all=off uptime,level,tags

Environment Variables:
PATH=C:/Users/1ali2/Desktop/eclipse//plugins/org.eclipse.justj.openjdk.hotspot.jre.full.win32.x86_64_17.0.4.v20220903-1038/jre/bin/server;C:/Users/1ali2/Desktop/eclipse//plugins/org.eclipse.justj.openjdk.hotspot.jre.full.win32.x86_64_17.0.4.v20220903-1038/jre/bin;C:\Program Files\Common Files\Oracle\Java\javapath;C:\Windows\system32;C:\Windows;C:\Windows\System32\Wbem;C:\Windows\System32\WindowsPowerShell\v1.0\;C:\Windows\System32\OpenSSH\;C:\Users\1ali2\AppData\Local\Microsoft\WindowsApps;;C:\Users\1ali2\AppData\Local\Programs\Microsoft VS Code\bin;C:\xampp\php;C:\Users\1ali2\AppData\Local\ComposerSetup\bin;C:\Users\1ali2\AppData\Roaming\Composer\vendor\bin;C:\Users\1ali2\Desktop\eclipse;
USERNAME=1ali2
OS=Windows_NT
PROCESSOR_IDENTIFIER=Intel64 Family 6 Model 61 Stepping 4, GenuineIntel
TMP=C:\Users\1ali2\AppData\Local\Temp
TEMP=C:\Users\1ali2\AppData\Local\Temp



---------------  S Y S T E M  ---------------

OS:
 Windows 10 , 64 bit Build 19041 (10.0.19041.2364)
OS uptime: 6 days 1:20 hours

CPU: total 4 (initial active 4) (2 cores per cpu, 2 threads per core) family 6 model 61 stepping 4 microcode 0x2d, cx8, cmov, fxsr, ht, mmx, 3dnowpref, sse, sse2, sse3, ssse3, sse4.1, sse4.2, popcnt, lzcnt, tsc, tscinvbit, avx, avx2, aes, erms, clmul, bmi1, bmi2, rtm, adx, fma, vzeroupper, clflush

Memory: 4k page, system-wide physical 8067M (559M free)
TotalPageFile size 32643M (AvailPageFile size 2M)
current process WorkingSet (physical memory assigned to process): 84M, peak: 84M
current process commit charge ("private bytes"): 222M, peak: 222M

vm_info: OpenJDK 64-Bit Server VM (17.0.4.1+1) for windows-amd64 JRE (17.0.4.1+1), built on Aug 17 2022 07:42:43 by "temurin" with MS VC++ 16.7 (VS2019)

END.
