#
# There is insufficient memory for the Java Runtime Environment to continue.
# Native memory allocation (mmap) failed to map 134217728 bytes for G1 virtual space
# Possible reasons:
#   The system is out of physical RAM or swap space
#   The process is running with CompressedOops enabled, and the Java Heap may be blocking the growth of the native heap
# Possible solutions:
#   Reduce memory load on the system
#   Increase physical memory or swap space
#   Check if swap backing store is full
#   Decrease Java heap size (-Xmx/-Xms)
#   Decrease number of Java threads
#   Decrease Java thread stack sizes (-Xss)
#   Set larger code cache with -XX:ReservedCodeCacheSize=
#   JVM is running with Unscaled Compressed Oops mode in which the Java heap is
#     placed in the first 4GB address space. The Java Heap base address is the
#     maximum limit for the native heap growth. Please use -XX:HeapBaseMinAddress
#     to set the Java Heap base and to place the Java Heap above 4GB virtual address.
# This output file may be truncated or incomplete.
#
#  Out of Memory Error (os_windows.cpp:3541), pid=19852, tid=25952
#
# JRE version:  (17.0.4.1+1) (build )
# Java VM: OpenJDK 64-Bit Server VM (17.0.4.1+1, mixed mode, sharing, tiered, compressed oops, compressed class ptrs, g1 gc, windows-amd64)
# No core dump will be written. Minidumps are not enabled by default on client versions of Windows
#

---------------  S U M M A R Y ------------

Command Line: -Dfile.encoding=UTF-8 --module-path=C:\Users\1ali2\Desktop\JAVA\QCM\bin;C:\Users\1ali2\Desktop\JAVA\QCM\jcalendar-1.4.jar;C:\Users\1ali2\Desktop\JAVA\QCM\mysql-connector-j-8.0.31.jar -XX:+ShowCodeDetailsInExceptionMessages -Djdk.module.main=QCM QCM/app.Principale

Host: Intel(R) Core(TM) i5-5300U CPU @ 2.30GHz, 4 cores, 7G,  Windows 10 , 64 bit Build 19041 (10.0.19041.2364)
Time: Thu Jan  5 21:40:55 2023 Morocco Daylight Time elapsed time: 0.019515 seconds (0d 0h 0m 0s)

---------------  T H R E A D  ---------------

Current thread (0x000002e9b9f0b290):  JavaThread "Unknown thread" [_thread_in_vm, id=25952, stack(0x000000f43e300000,0x000000f43e400000)]

Stack: [0x000000f43e300000,0x000000f43e400000]
Native frames: (J=compiled Java code, j=interpreted, Vv=VM code, C=native code)
V  [jvm.dll+0x67731a]
V  [jvm.dll+0x832284]
V  [jvm.dll+0x833a2e]
V  [jvm.dll+0x834093]
V  [jvm.dll+0x245775]
V  [jvm.dll+0x674209]
V  [jvm.dll+0x668a92]
V  [jvm.dll+0x30471b]
V  [jvm.dll+0x30bc66]
V  [jvm.dll+0x35ba9e]
V  [jvm.dll+0x35bccf]
V  [jvm.dll+0x2db5b8]
V  [jvm.dll+0x2dc524]
V  [jvm.dll+0x803db1]
V  [jvm.dll+0x3698f1]
V  [jvm.dll+0x7e31bc]
V  [jvm.dll+0x3ec25f]
V  [jvm.dll+0x3edde1]
C  [jli.dll+0x5277]
C  [ucrtbase.dll+0x21bb2]
C  [KERNEL32.DLL+0x17614]
C  [ntdll.dll+0x526a1]


---------------  P R O C E S S  ---------------

Threads class SMR info:
_java_thread_list=0x00007ffa2f5e4e98, length=0, elements={
}

Java Threads: ( => current thread )

Other Threads:
  0x000002e9b9f658a0 GCTaskThread "GC Thread#0" [stack: 0x000000f43e400000,0x000000f43e500000] [id=13796]
  0x000002e9b9f76bc0 ConcurrentGCThread "G1 Main Marker" [stack: 0x000000f43e500000,0x000000f43e600000] [id=32688]
  0x000002e9b9f7c5f0 ConcurrentGCThread "G1 Conc#0" [stack: 0x000000f43e600000,0x000000f43e700000] [id=33812]

[error occurred during error reporting (printing all threads), id 0xc0000005, EXCEPTION_ACCESS_VIOLATION (0xc0000005) at pc=0x00007ffa2edbc047]

VM state: not at safepoint (not fully initialized)

VM Mutex/Monitor currently owned by a thread:  ([mutex/lock_event])
[0x000002e9b9f07530] Heap_lock - owner thread: 0x000002e9b9f0b290

Heap address: 0x0000000081e00000, size: 2018 MB, Compressed Oops mode: 32-bit

CDS archive(s) mapped at: [0x0000000000000000-0x0000000000000000-0x0000000000000000), size 0, SharedBaseAddress: 0x0000000800000000, ArchiveRelocationMode: 0.
Narrow klass base: 0x0000000000000000, Narrow klass shift: 0, Narrow klass range: 0x0

GC Precious Log:
<Empty>

Heap:
 garbage-first heap   total 0K, used 0K [0x0000000081e00000, 0x0000000100000000)
  region size 1024K, 0 young (0K), 0 survivors (0K)

[error occurred during error reporting (printing heap information), id 0xc0000005, EXCEPTION_ACCESS_VIOLATION (0xc0000005) at pc=0x00007ffa2f1a0699]

GC Heap History (0 events):
No events

Deoptimization events (0 events):
No events

Classes unloaded (0 events):
No events

Classes redefined (0 events):
No events

Internal exceptions (0 events):
No events

VM Operations (0 events):
No events

Events (1 events):
Event: 0.013 Loaded shared library C:\Users\1ali2\Desktop\eclipse\plugins\org.eclipse.justj.openjdk.hotspot.jre.full.win32.x86_64_17.0.4.v20220903-1038\jre\bin\java.dll


Dynamic libraries:
0x00007ff66b740000 - 0x00007ff66b74e000 	C:\Users\1ali2\Desktop\eclipse\plugins\org.eclipse.justj.openjdk.hotspot.jre.full.win32.x86_64_17.0.4.v20220903-1038\jre\bin\javaw.exe
0x00007ffa831b0000 - 0x00007ffa833a8000 	C:\Windows\SYSTEM32\ntdll.dll
0x00007ffa82390000 - 0x00007ffa8244f000 	C:\Windows\System32\KERNEL32.DLL
0x00007ffa80de0000 - 0x00007ffa810b2000 	C:\Windows\System32\KERNELBASE.dll
0x00007ffa808f0000 - 0x00007ffa809f0000 	C:\Windows\System32\ucrtbase.dll
0x00007ffa5a6d0000 - 0x00007ffa5a6e8000 	C:\Users\1ali2\Desktop\eclipse\plugins\org.eclipse.justj.openjdk.hotspot.jre.full.win32.x86_64_17.0.4.v20220903-1038\jre\bin\jli.dll
0x00007ffa56c60000 - 0x00007ffa56c79000 	C:\Users\1ali2\Desktop\eclipse\plugins\org.eclipse.justj.openjdk.hotspot.jre.full.win32.x86_64_17.0.4.v20220903-1038\jre\bin\VCRUNTIME140.dll
0x00007ffa826e0000 - 0x00007ffa82881000 	C:\Windows\System32\USER32.dll
0x00007ffa80bf0000 - 0x00007ffa80c12000 	C:\Windows\System32\win32u.dll
0x00007ffa73960000 - 0x00007ffa73bfa000 	C:\Windows\WinSxS\amd64_microsoft.windows.common-controls_6595b64144ccf1df_6.0.19041.1110_none_60b5254171f9507e\COMCTL32.dll
0x00007ffa82cd0000 - 0x00007ffa82cfb000 	C:\Windows\System32\GDI32.dll
0x00007ffa82d50000 - 0x00007ffa82dee000 	C:\Windows\System32\msvcrt.dll
0x00007ffa80cd0000 - 0x00007ffa80ddf000 	C:\Windows\System32\gdi32full.dll
0x00007ffa810c0000 - 0x00007ffa8115d000 	C:\Windows\System32\msvcp_win.dll
0x00007ffa82d10000 - 0x00007ffa82d42000 	C:\Windows\System32\IMM32.DLL
0x00007ffa66150000 - 0x00007ffa6615c000 	C:\Users\1ali2\Desktop\eclipse\plugins\org.eclipse.justj.openjdk.hotspot.jre.full.win32.x86_64_17.0.4.v20220903-1038\jre\bin\vcruntime140_1.dll
0x00007ffa557e0000 - 0x00007ffa55871000 	C:\Users\1ali2\Desktop\eclipse\plugins\org.eclipse.justj.openjdk.hotspot.jre.full.win32.x86_64_17.0.4.v20220903-1038\jre\bin\msvcp140.dll
0x00007ffa2ead0000 - 0x00007ffa2f716000 	C:\Users\1ali2\Desktop\eclipse\plugins\org.eclipse.justj.openjdk.hotspot.jre.full.win32.x86_64_17.0.4.v20220903-1038\jre\bin\server\jvm.dll
0x00007ffa82fa0000 - 0x00007ffa8304e000 	C:\Windows\System32\ADVAPI32.dll
0x00007ffa82c30000 - 0x00007ffa82ccc000 	C:\Windows\System32\sechost.dll
0x00007ffa82450000 - 0x00007ffa82575000 	C:\Windows\System32\RPCRT4.dll
0x00007ffa82d00000 - 0x00007ffa82d08000 	C:\Windows\System32\PSAPI.DLL
0x00007ffa68150000 - 0x00007ffa68159000 	C:\Windows\SYSTEM32\WSOCK32.dll
0x00007ffa77ff0000 - 0x00007ffa78017000 	C:\Windows\SYSTEM32\WINMM.dll
0x00007ffa829e0000 - 0x00007ffa82a4b000 	C:\Windows\System32\WS2_32.dll
0x00007ffa771a0000 - 0x00007ffa771aa000 	C:\Windows\SYSTEM32\VERSION.dll
0x00007ffa7e760000 - 0x00007ffa7e772000 	C:\Windows\SYSTEM32\kernel.appcore.dll
0x00007ffa675b0000 - 0x00007ffa675ba000 	C:\Users\1ali2\Desktop\eclipse\plugins\org.eclipse.justj.openjdk.hotspot.jre.full.win32.x86_64_17.0.4.v20220903-1038\jre\bin\jimage.dll
0x00007ffa7bff0000 - 0x00007ffa7c1d4000 	C:\Windows\SYSTEM32\DBGHELP.DLL
0x00007ffa7c410000 - 0x00007ffa7c445000 	C:\Windows\SYSTEM32\dbgcore.DLL
0x00007ffa81160000 - 0x00007ffa811e2000 	C:\Windows\System32\bcryptPrimitives.dll
0x00007ffa5bde0000 - 0x00007ffa5be05000 	C:\Users\1ali2\Desktop\eclipse\plugins\org.eclipse.justj.openjdk.hotspot.jre.full.win32.x86_64_17.0.4.v20220903-1038\jre\bin\java.dll

dbghelp: loaded successfully - version: 4.0.5 - missing functions: none
symbol engine: initialized successfully - sym options: 0x614 - pdb path: .;C:\Users\1ali2\Desktop\eclipse\plugins\org.eclipse.justj.openjdk.hotspot.jre.full.win32.x86_64_17.0.4.v20220903-1038\jre\bin;C:\Windows\SYSTEM32;C:\Windows\WinSxS\amd64_microsoft.windows.common-controls_6595b64144ccf1df_6.0.19041.1110_none_60b5254171f9507e;C:\Users\1ali2\Desktop\eclipse\plugins\org.eclipse.justj.openjdk.hotspot.jre.full.win32.x86_64_17.0.4.v20220903-1038\jre\bin\server

VM Arguments:
jvm_args: -Dfile.encoding=UTF-8 --module-path=C:\Users\1ali2\Desktop\JAVA\QCM\bin;C:\Users\1ali2\Desktop\JAVA\QCM\jcalendar-1.4.jar;C:\Users\1ali2\Desktop\JAVA\QCM\mysql-connector-j-8.0.31.jar -XX:+ShowCodeDetailsInExceptionMessages -Djdk.module.main=QCM 
java_command: QCM/app.Principale
java_class_path (initial): <not set>
Launcher Type: SUN_STANDARD

[Global flags]
     intx CICompilerCount                          = 3                                         {product} {ergonomic}
     uint ConcGCThreads                            = 1                                         {product} {ergonomic}
     uint G1ConcRefinementThreads                  = 4                                         {product} {ergonomic}
   size_t G1HeapRegionSize                         = 1048576                                   {product} {ergonomic}
    uintx GCDrainStackTargetSize                   = 64                                        {product} {ergonomic}
   size_t InitialHeapSize                          = 134217728                                 {product} {ergonomic}
   size_t MarkStackSize                            = 4194304                                   {product} {ergonomic}
   size_t MaxHeapSize                              = 2116026368                                {product} {ergonomic}
   size_t MinHeapDeltaBytes                        = 1048576                                   {product} {ergonomic}
   size_t MinHeapSize                              = 8388608                                   {product} {ergonomic}
    uintx NonNMethodCodeHeapSize                   = 5832780                                {pd product} {ergonomic}
    uintx NonProfiledCodeHeapSize                  = 122912730                              {pd product} {ergonomic}
    uintx ProfiledCodeHeapSize                     = 122912730                              {pd product} {ergonomic}
    uintx ReservedCodeCacheSize                    = 251658240                              {pd product} {ergonomic}
     bool SegmentedCodeCache                       = true                                      {product} {ergonomic}
     bool ShowCodeDetailsInExceptionMessages       = true                                   {manageable} {command line}
   size_t SoftMaxHeapSize                          = 2116026368                             {manageable} {ergonomic}
     bool UseCompressedClassPointers               = true                           {product lp64_product} {ergonomic}
     bool UseCompressedOops                        = true                           {product lp64_product} {ergonomic}
     bool UseG1GC                                  = true                                      {product} {ergonomic}
     bool UseLargePagesIndividualAllocation        = false                                  {pd product} {ergonomic}

Logging:
Log output configuration:
 #0: stdout all=warning uptime,level,tags
 #1: stderr all=off uptime,level,tags

Environment Variables:
PATH=C:/Users/1ali2/Desktop/eclipse//plugins/org.eclipse.justj.openjdk.hotspot.jre.full.win32.x86_64_17.0.4.v20220903-1038/jre/bin/server;C:/Users/1ali2/Desktop/eclipse//plugins/org.eclipse.justj.openjdk.hotspot.jre.full.win32.x86_64_17.0.4.v20220903-1038/jre/bin;C:\Program Files\Common Files\Oracle\Java\javapath;C:\Windows\system32;C:\Windows;C:\Windows\System32\Wbem;C:\Windows\System32\WindowsPowerShell\v1.0\;C:\Windows\System32\OpenSSH\;C:\Users\1ali2\AppData\Local\Microsoft\WindowsApps;;C:\Users\1ali2\AppData\Local\Programs\Microsoft VS Code\bin;C:\xampp\php;C:\Users\1ali2\AppData\Local\ComposerSetup\bin;C:\Users\1ali2\AppData\Roaming\Composer\vendor\bin;C:\Users\1ali2\Desktop\eclipse;
USERNAME=1ali2
OS=Windows_NT
PROCESSOR_IDENTIFIER=Intel64 Family 6 Model 61 Stepping 4, GenuineIntel
TMP=C:\Users\1ali2\AppData\Local\Temp
TEMP=C:\Users\1ali2\AppData\Local\Temp



---------------  S Y S T E M  ---------------

OS:
 Windows 10 , 64 bit Build 19041 (10.0.19041.2364)
OS uptime: 7 days 3:35 hours

CPU: total 4 (initial active 4) (2 cores per cpu, 2 threads per core) family 6 model 61 stepping 4 microcode 0x2d, cx8, cmov, fxsr, ht, mmx, 3dnowpref, sse, sse2, sse3, ssse3, sse4.1, sse4.2, popcnt, lzcnt, tsc, tscinvbit, avx, avx2, aes, erms, clmul, bmi1, bmi2, rtm, adx, fma, vzeroupper, clflush

Memory: 4k page, system-wide physical 8067M (411M free)
TotalPageFile size 32643M (AvailPageFile size 102M)
current process WorkingSet (physical memory assigned to process): 10M, peak: 10M
current process commit charge ("private bytes"): 51M, peak: 179M

vm_info: OpenJDK 64-Bit Server VM (17.0.4.1+1) for windows-amd64 JRE (17.0.4.1+1), built on Aug 17 2022 07:42:43 by "temurin" with MS VC++ 16.7 (VS2019)

END.
